<?xml version="1.0" encoding="UTF-8"?>
<testng-results skipped="0" failed="0" total="1" passed="1">
  <reporter-output>
  </reporter-output>
  <suite name="Suite" duration-ms="9132" started-at="2019-03-18T01:33:25Z" finished-at="2019-03-18T01:33:34Z">
    <groups>
    </groups>
    <test name="Test" duration-ms="9132" started-at="2019-03-18T01:33:25Z" finished-at="2019-03-18T01:33:34Z">
      <class name="openbaidu.openbaidu">
        <test-method status="PASS" signature="open()[pri:0, instance:openbaidu.openbaidu@449b2d27]" name="open" duration-ms="9110" started-at="2019-03-18T09:33:25Z" finished-at="2019-03-18T09:33:34Z">
          <reporter-output>
          </reporter-output>
        </test-method> <!-- open -->
      </class> <!-- openbaidu.openbaidu -->
    </test> <!-- Test -->
  </suite> <!-- Suite -->
</testng-results>
